LTspice 24.1.9 for Windows
Circuit: C:\Users\palco\github\gmid\src\out\example_closed_loop_1.net
Start Time: Wed Apr 29 09:42:46 2026
Options: logopinfo
solver = Normal
Maximum thread count: 24
tnom = 27
temp = 27
method = trap
Compress1stOrder = false
Compress2ndOrder = false
Instance "M1": Length shorter than recommended for a level 1 MOSFET.
Instance "M1": Width narrower than recommended for a level 1 MOSFET.
Instance "M2": Length shorter than recommended for a level 1 MOSFET.
Instance "M2": Width narrower than recommended for a level 1 MOSFET.
Instance "M8": Length shorter than recommended for a level 1 MOSFET.
Instance "M8": Width narrower than recommended for a level 1 MOSFET.
Instance "M7": Length shorter than recommended for a level 1 MOSFET.
Instance "M7": Width narrower than recommended for a level 1 MOSFET.
Instance "M5": Length shorter than recommended for a level 1 MOSFET.
Instance "M5": Width narrower than recommended for a level 1 MOSFET.
Instance "M3": Length shorter than recommended for a level 1 MOSFET.
Instance "M4": Length shorter than recommended for a level 1 MOSFET.
Instance "M6": Length shorter than recommended for a level 1 MOSFET.
Direct Newton iteration for .op point succeeded.
Semiconductor Device Operating Points:
                        --- MOSFET Transistors ---
Name:           M1          M2          M8          M7          M5
Model:       my_nmos     my_nmos     my_nmos     my_nmos     my_nmos
Id:          8.05e-04    8.05e-04    1.00e-03    1.61e-03    5.68e-03
Vgs:         1.19e+00    1.19e+00    9.34e-01    9.34e-01    9.34e-01
Vds:         1.67e+00    1.67e+00    9.34e-01    4.60e-01    3.00e+00
Vbs:        -4.60e-01   -4.60e-01    0.00e+00    0.00e+00    0.00e+00
Vth:         5.90e-01    5.90e-01    4.50e-01    4.50e-01    4.50e-01
Vdsat:       6.00e-01    6.00e-01    4.84e-01    4.84e-01    4.84e-01
Gm:          2.68e-03    2.68e-03    4.13e-03    6.32e-03    2.34e-02
Gds:         5.05e-05    5.05e-05    6.57e-05    4.51e-04    3.29e-04
Gmb:         7.17e-04    7.17e-04    1.47e-03    2.25e-03    8.32e-03
Cbd:         0.00e+00    0.00e+00    0.00e+00    0.00e+00    0.00e+00
Cbs:         0.00e+00    0.00e+00    0.00e+00    0.00e+00    0.00e+00
Cgsov:       0.00e+00    0.00e+00    0.00e+00    0.00e+00    0.00e+00
Cgdov:       0.00e+00    0.00e+00    0.00e+00    0.00e+00    0.00e+00
Cgbov:       0.00e+00    0.00e+00    0.00e+00    0.00e+00    0.00e+00
Cgs:         0.00e+00    0.00e+00    0.00e+00    0.00e+00    0.00e+00
Cgd:         0.00e+00    0.00e+00    0.00e+00    0.00e+00    0.00e+00
Cgb:         0.00e+00    0.00e+00    0.00e+00    0.00e+00    0.00e+00

Name:           M3          M4          M6
Model:       my_pmos     my_pmos     my_pmos
Id:         -8.05e-04   -8.05e-04   -5.68e-03
Vgs:        -1.17e+00   -1.17e+00   -1.17e+00
Vds:        -1.17e+00   -1.17e+00   -2.99e-01
Vbs:         0.00e+00    0.00e+00    0.00e+00
Vth:        -5.50e-01   -5.50e-01   -5.50e-01
Vdsat:      -6.17e-01   -6.17e-01   -6.17e-01
Gm:          2.61e-03    2.61e-03    1.22e-02
Gds:         3.80e-05    3.80e-05    1.32e-02
Gmb:         6.74e-04    6.74e-04    3.14e-03
Cbd:         0.00e+00    0.00e+00    0.00e+00
Cbs:         0.00e+00    0.00e+00    0.00e+00
Cgsov:       0.00e+00    0.00e+00    0.00e+00
Cgdov:       0.00e+00    0.00e+00    0.00e+00
Cgbov:       0.00e+00    0.00e+00    0.00e+00
Cgs:         0.00e+00    0.00e+00    0.00e+00
Cgd:         0.00e+00    0.00e+00    0.00e+00
Cgb:         0.00e+00    0.00e+00    0.00e+00


Total elapsed time: 0.054 seconds.

Files loaded:
C:\Users\palco\github\gmid\src\out\example_closed_loop_1.net
C:\Users\palco\AppData\Local\LTspice\lib\cmp\standard.mos

vy: v(vy)=2.13322401047
