LTspice 24.1.9 for Windows
Circuit: C:\Users\palco\github\gmid\src\out\example_closed_loop_2.net
Start Time: Wed Apr 29 09:42:47 2026
Options: logopinfo
solver = Normal
Maximum thread count: 24
tnom = 27
temp = 27
method = trap
Compress1stOrder = false
Compress2ndOrder = false
Instance "M1": Length shorter than recommended for a level 1 MOSFET.
Instance "M1": Width narrower than recommended for a level 1 MOSFET.
Instance "M2": Length shorter than recommended for a level 1 MOSFET.
Instance "M2": Width narrower than recommended for a level 1 MOSFET.
Instance "M8": Length shorter than recommended for a level 1 MOSFET.
Instance "M8": Width narrower than recommended for a level 1 MOSFET.
Instance "M7": Length shorter than recommended for a level 1 MOSFET.
Instance "M7": Width narrower than recommended for a level 1 MOSFET.
Instance "M5": Length shorter than recommended for a level 1 MOSFET.
Instance "M5": Width narrower than recommended for a level 1 MOSFET.
Instance "M3": Length shorter than recommended for a level 1 MOSFET.
Instance "M4": Length shorter than recommended for a level 1 MOSFET.
Instance "M6": Length shorter than recommended for a level 1 MOSFET.
Direct Newton iteration for .op point succeeded.
Semiconductor Device Operating Points:
                        --- MOSFET Transistors ---
Name:           M1          M2          M8          M7          M5
Model:       my_nmos     my_nmos     my_nmos     my_nmos     my_nmos
Id:          4.88e-04    4.88e-04    1.00e-03    9.76e-04    5.11e-03
Vgs:         1.08e+00    1.08e+00    9.34e-01    9.34e-01    9.34e-01
Vds:         1.70e+00    1.70e+00    9.34e-01    5.65e-01    1.27e+00
Vbs:        -5.65e-01   -5.65e-01    0.00e+00    0.00e+00    0.00e+00
Vth:         6.18e-01    6.18e-01    4.50e-01    4.50e-01    4.50e-01
Vdsat:       4.67e-01    4.67e-01    4.84e-01    4.84e-01    4.84e-01
Gm:          2.09e-03    2.09e-03    4.13e-03    4.03e-03    2.11e-02
Gds:         3.05e-05    3.05e-05    6.57e-05    6.57e-05    3.29e-04
Gmb:         5.32e-04    5.32e-04    1.47e-03    1.43e-03    7.49e-03
Cbd:         0.00e+00    0.00e+00    0.00e+00    0.00e+00    0.00e+00
Cbs:         0.00e+00    0.00e+00    0.00e+00    0.00e+00    0.00e+00
Cgsov:       0.00e+00    0.00e+00    0.00e+00    0.00e+00    0.00e+00
Cgdov:       0.00e+00    0.00e+00    0.00e+00    0.00e+00    0.00e+00
Cgbov:       0.00e+00    0.00e+00    0.00e+00    0.00e+00    0.00e+00
Cgs:         0.00e+00    0.00e+00    0.00e+00    0.00e+00    0.00e+00
Cgd:         0.00e+00    0.00e+00    0.00e+00    0.00e+00    0.00e+00
Cgb:         0.00e+00    0.00e+00    0.00e+00    0.00e+00    0.00e+00

Name:           M3          M4          M6
Model:       my_pmos     my_pmos     my_pmos
Id:         -4.88e-04   -4.88e-04   -5.11e-03
Vgs:        -1.03e+00   -1.03e+00   -1.03e+00
Vds:        -1.03e+00   -1.03e+00   -2.03e+00
Vbs:         0.00e+00    0.00e+00    0.00e+00
Vth:        -5.50e-01   -5.50e-01   -5.50e-01
Vdsat:      -4.82e-01   -4.82e-01   -4.82e-01
Gm:          2.03e-03    2.03e-03    2.12e-02
Gds:         2.32e-05    2.32e-05    2.32e-04
Gmb:         5.23e-04    5.23e-04    5.48e-03
Cbd:         0.00e+00    0.00e+00    0.00e+00
Cbs:         0.00e+00    0.00e+00    0.00e+00
Cgsov:       0.00e+00    0.00e+00    0.00e+00
Cgdov:       0.00e+00    0.00e+00    0.00e+00
Cgbov:       0.00e+00    0.00e+00    0.00e+00
Cgs:         0.00e+00    0.00e+00    0.00e+00
Cgd:         0.00e+00    0.00e+00    0.00e+00
Cgb:         0.00e+00    0.00e+00    0.00e+00


Total elapsed time: 0.052 seconds.

Files loaded:
C:\Users\palco\github\gmid\src\out\example_closed_loop_2.net
C:\Users\palco\AppData\Local\LTspice\lib\cmp\standard.mos

vy: v(vy)=2.26836371422
